#
# There is insufficient memory for the Java Runtime Environment to continue.
# Native memory allocation (malloc) failed to allocate 1048576 bytes for AllocateHeap
# Possible reasons:
#   The system is out of physical RAM or swap space
#   The process is running with CompressedOops enabled, and the Java Heap may be blocking the growth of the native heap
# Possible solutions:
#   Reduce memory load on the system
#   Increase physical memory or swap space
#   Check if swap backing store is full
#   Decrease Java heap size (-Xmx/-Xms)
#   Decrease number of Java threads
#   Decrease Java thread stack sizes (-Xss)
#   Set larger code cache with -XX:ReservedCodeCacheSize=
#   JVM is running with Unscaled Compressed Oops mode in which the Java heap is
#     placed in the first 4GB address space. The Java Heap base address is the
#     maximum limit for the native heap growth. Please use -XX:HeapBaseMinAddress
#     to set the Java Heap base and to place the Java Heap above 4GB virtual address.
# This output file may be truncated or incomplete.
#
#  Out of Memory Error (memory/allocation.inline.hpp:61), pid=13700, tid=0x000000000000232c
#
# JRE version:  (8.0_202-b08) (build )
# Java VM: Java HotSpot(TM) 64-Bit Server VM (25.202-b08 mixed mode windows-amd64 compressed oops)
# Failed to write core dump. Minidumps are not enabled by default on client versions of Windows
#

---------------  T H R E A D  ---------------

Current thread (0x00000000034ce000):  JavaThread "Unknown thread" [_thread_in_vm, id=9004, stack(0x00000000031a0000,0x00000000032a0000)]

Stack: [0x00000000031a0000,0x00000000032a0000]
[error occurred during error reporting (printing stack bounds), id 0xc0000005]

Native frames: (J=compiled Java code, j=interpreted, Vv=VM code, C=native code)


---------------  P R O C E S S  ---------------

Java Threads: ( => current thread )

Other Threads:

=>0x00000000034ce000 (exited) JavaThread "Unknown thread" [_thread_in_vm, id=9004, stack(0x00000000031a0000,0x00000000032a0000)]

VM state:not at safepoint (normal execution)

VM Mutex/Monitor currently owned by a thread: None

heap address: 0x0000000081600000, size: 2026 MB, Compressed Oops mode: 32-bit
Narrow klass base: 0x0000000000000000, Narrow klass shift: 3
Compressed class space size: 1073741824 Address: 0x0000000100000000

Heap:
 PSYoungGen      total 38400K, used 665K [0x00000000d5d00000, 0x00000000d8780000, 0x0000000100000000)
  eden space 33280K, 2% used [0x00000000d5d00000,0x00000000d5da6670,0x00000000d7d80000)
  from space 5120K, 0% used [0x00000000d8280000,0x00000000d8280000,0x00000000d8780000)
  to   space 5120K, 0% used [0x00000000d7d80000,0x00000000d7d80000,0x00000000d8280000)
 ParOldGen       total 87552K, used 0K [0x0000000081600000, 0x0000000086b80000, 0x00000000d5d00000)
  object space 87552K, 0% used [0x0000000081600000,0x0000000081600000,0x0000000086b80000)
 Metaspace       used 751K, capacity 4480K, committed 4480K, reserved 1056768K
  class space    used 76K, capacity 384K, committed 384K, reserved 1048576K

Card table byte_map: [0x0000000012890000,0x0000000012c90000] byte_map_base: 0x0000000012485000

Marking Bits: (ParMarkBitMap*) 0x000000006f935ce0
 Begin Bits: [0x0000000013740000, 0x00000000156e8000)
 End Bits:   [0x00000000156e8000, 0x0000000017690000)

Polling page: 0x0000000001940000

CodeCache: size=245760Kb used=328Kb max_used=328Kb free=245431Kb
 bounds [0x00000000034d0000, 0x0000000003740000, 0x00000000124d0000]
 total_blobs=58 nmethods=0 adapters=38
 compilation: enabled

Compilation events (0 events):
No events

GC Heap History (0 events):
No events

Deoptimization events (0 events):
No events

Classes redefined (0 events):
No events

Internal exceptions (0 events):
No events

Events (10 events):
Event: 0.022 loading class java/lang/Short
Event: 0.022 loading class java/lang/Short done
Event: 0.022 loading class java/lang/Integer
Event: 0.022 loading class java/lang/Integer done
Event: 0.022 loading class java/lang/Long
Event: 0.022 loading class java/lang/Long done
Event: 0.023 loading class java/lang/NullPointerException
Event: 0.023 loading class java/lang/NullPointerException done
Event: 0.023 loading class java/lang/ArithmeticException
Event: 0.023 loading class java/lang/ArithmeticException done


Dynamic libraries:
0x00007ff7cf970000 - 0x00007ff7cf9a7000 	C:\Program Files\Java\jre1.8.0_202\bin\javaw.exe
0x00007ffbe5f50000 - 0x00007ffbe6145000 	C:\WINDOWS\SYSTEM32\ntdll.dll
0x00007ffbe4c90000 - 0x00007ffbe4d4e000 	C:\WINDOWS\System32\KERNEL32.DLL
0x00007ffbe3690000 - 0x00007ffbe3958000 	C:\WINDOWS\System32\KERNELBASE.dll
0x00007ffbe5aa0000 - 0x00007ffbe5b4e000 	C:\WINDOWS\System32\ADVAPI32.dll
0x00007ffbe4610000 - 0x00007ffbe46ae000 	C:\WINDOWS\System32\msvcrt.dll
0x00007ffbe4eb0000 - 0x00007ffbe4f4c000 	C:\WINDOWS\System32\sechost.dll
0x00007ffbe5b50000 - 0x00007ffbe5c75000 	C:\WINDOWS\System32\RPCRT4.dll
0x00007ffbe46b0000 - 0x00007ffbe4850000 	C:\WINDOWS\System32\USER32.dll
0x00007ffbe3660000 - 0x00007ffbe3682000 	C:\WINDOWS\System32\win32u.dll
0x00007ffbe5710000 - 0x00007ffbe573b000 	C:\WINDOWS\System32\GDI32.dll
0x00007ffbe3a40000 - 0x00007ffbe3b4d000 	C:\WINDOWS\System32\gdi32full.dll
0x00007ffbe3bc0000 - 0x00007ffbe3c5d000 	C:\WINDOWS\System32\msvcp_win.dll
0x00007ffbe3c90000 - 0x00007ffbe3d90000 	C:\WINDOWS\System32\ucrtbase.dll
0x00007ffbd20c0000 - 0x00007ffbd235a000 	C:\WINDOWS\WinSxS\amd64_microsoft.windows.common-controls_6595b64144ccf1df_6.0.19041.1110_none_60b5254171f9507e\COMCTL32.dll
0x00007ffbe4030000 - 0x00007ffbe4060000 	C:\WINDOWS\System32\IMM32.DLL
0x000000006ef50000 - 0x000000006f022000 	C:\Program Files\Java\jre1.8.0_202\bin\msvcr100.dll
0x000000006f110000 - 0x000000006f9b5000 	C:\Program Files\Java\jre1.8.0_202\bin\server\jvm.dll
0x00007ffbe56a0000 - 0x00007ffbe56a8000 	C:\WINDOWS\System32\PSAPI.DLL
0x00007ffbdc500000 - 0x00007ffbdc50a000 	C:\WINDOWS\SYSTEM32\VERSION.dll
0x00007ffbd1f90000 - 0x00007ffbd1fb7000 	C:\WINDOWS\SYSTEM32\WINMM.dll
0x00007ffbd3330000 - 0x00007ffbd3339000 	C:\WINDOWS\SYSTEM32\WSOCK32.dll
0x00007ffbe4a00000 - 0x00007ffbe4a6b000 	C:\WINDOWS\System32\WS2_32.dll
0x00007ffbe0860000 - 0x00007ffbe086f000 	C:\Program Files\Java\jre1.8.0_202\bin\verify.dll
0x00007ffbd59a0000 - 0x00007ffbd59c9000 	C:\Program Files\Java\jre1.8.0_202\bin\java.dll
0x00007ffbd4920000 - 0x00007ffbd4936000 	C:\Program Files\Java\jre1.8.0_202\bin\zip.dll

VM Arguments:
jvm_args: -Dfile.encoding=Cp1252 
java_command: com.capgi.day11.File
java_class_path (initial): C:\Users\pruthvi\eclipse-workspace\CapgTraining\Day11\bin
Launcher Type: SUN_STANDARD

Environment Variables:
JAVA_HOME=C:\Program Files\Android\Android Studio\jre\bin
PATH=C:/Program Files/Java/jre1.8.0_202/bin/server;C:/Program Files/Java/jre1.8.0_202/bin;C:/Program Files/Java/jre1.8.0_202/lib/amd64;C:\Program Files (x86)\Common Files\Oracle\Java\javapath;C:\python 38\Scripts\;C:\python 38\;C:\Windows\system32;C:\Windows;C:\Windows\System32\Wbem;C:\Windows\System32\WindowsPowerShell\v1.0\;C:\Windows\System32\OpenSSH\;C:\Program Files (x86)\NVIDIA Corporation\PhysX\Common;C:\Program Files\NVIDIA Corporation\NVIDIA NvDLISR;C:\Program Files\Java\jdk-11.0.7\bin;C:\WINDOWS\system32;C:\WINDOWS;C:\WINDOWS\System32\Wbem;C:\WINDOWS\System32\WindowsPowerShell\v1.0\;C:\WINDOWS\System32\OpenSSH\;C:\Program Files\Git\cmd;C:\Gradle\gradle-6.2.2\bin;C:\Program Files (x86)\mingw-w64\i686-8.1.0-posix-dwarf-rt_v6-rev0\mingw32\bin;C:\Users\pruthvi\AppData\Local\Microsoft\WindowsApps;C:\WINDOWS\System32;
USERNAME=pruthvi
OS=Windows_NT
PROCESSOR_IDENTIFIER=Intel64 Family 6 Model 142 Stepping 10, GenuineIntel



---------------  S Y S T E M  ---------------

OS: Windows 10.0 , 64 bit Build 19041 (10.0.19041.1503)

CPU:total 8 (initial active 8) (4 cores per cpu, 2 threads per core) family 6 model 142 stepping 10, cmov, cx8, fxsr, mmx, sse, sse2, sse3, ssse3, sse4.1, sse4.2, popcnt, avx, avx2, aes, clmul, erms, 3dnowpref, lzcnt, ht, tsc, tscinvbit, bmi1, bmi2, adx

Memory: 4k page, physical 8295652k(2587688k free), swap 10249440k(5144k free)

vm_info: Java HotSpot(TM) 64-Bit Server VM (25.202-b08) for windows-amd64 JRE (1.8.0_202-b08), built on Dec 15 2018 19:54:30 by "java_re" with MS VC++ 10.0 (VS2010)

time: Mon Feb 14 22:23:09 2022
timezone: India Standard Time
elapsed time: 0 seconds (0d 0h 0m 0s)

