#
# There is insufficient memory for the Java Runtime Environment to continue.
# Native memory allocation (malloc) failed to allocate 1048576 bytes for AllocateHeap
# Possible reasons:
#   The system is out of physical RAM or swap space
#   The process is running with CompressedOops enabled, and the Java Heap may be blocking the growth of the native heap
# Possible solutions:
#   Reduce memory load on the system
#   Increase physical memory or swap space
#   Check if swap backing store is full
#   Decrease Java heap size (-Xmx/-Xms)
#   Decrease number of Java threads
#   Decrease Java thread stack sizes (-Xss)
#   Set larger code cache with -XX:ReservedCodeCacheSize=
#   JVM is running with Unscaled Compressed Oops mode in which the Java heap is
#     placed in the first 4GB address space. The Java Heap base address is the
#     maximum limit for the native heap growth. Please use -XX:HeapBaseMinAddress
#     to set the Java Heap base and to place the Java Heap above 4GB virtual address.
# This output file may be truncated or incomplete.
#
#  Out of Memory Error (memory/allocation.inline.hpp:61), pid=1412, tid=0x0000000000001ed8
#
# JRE version:  (8.0_202-b08) (build )
# Java VM: Java HotSpot(TM) 64-Bit Server VM (25.202-b08 mixed mode windows-amd64 compressed oops)
# Failed to write core dump. Minidumps are not enabled by default on client versions of Windows
#

---------------  T H R E A D  ---------------

Current thread (0x0000000002dde000):  JavaThread "Unknown thread" [_thread_in_vm, id=7896, stack(0x0000000002c30000,0x0000000002d30000)]

Stack: [0x0000000002c30000,0x0000000002d30000]
[error occurred during error reporting (printing stack bounds), id 0xc0000005]

Native frames: (J=compiled Java code, j=interpreted, Vv=VM code, C=native code)


---------------  P R O C E S S  ---------------

Java Threads: ( => current thread )

Other Threads:

=>0x0000000002dde000 (exited) JavaThread "Unknown thread" [_thread_in_vm, id=7896, stack(0x0000000002c30000,0x0000000002d30000)]

VM state:not at safepoint (normal execution)

VM Mutex/Monitor currently owned by a thread: None

heap address: 0x0000000081600000, size: 2026 MB, Compressed Oops mode: 32-bit
Narrow klass base: 0x0000000000000000, Narrow klass shift: 3
Compressed class space size: 1073741824 Address: 0x0000000100000000

Heap:
 PSYoungGen      total 38400K, used 665K [0x00000000d5d00000, 0x00000000d8780000, 0x0000000100000000)
  eden space 33280K, 2% used [0x00000000d5d00000,0x00000000d5da6670,0x00000000d7d80000)
  from space 5120K, 0% used [0x00000000d8280000,0x00000000d8280000,0x00000000d8780000)
  to   space 5120K, 0% used [0x00000000d7d80000,0x00000000d7d80000,0x00000000d8280000)
 ParOldGen       total 87552K, used 0K [0x0000000081600000, 0x0000000086b80000, 0x00000000d5d00000)
  object space 87552K, 0% used [0x0000000081600000,0x0000000081600000,0x0000000086b80000)
 Metaspace       used 751K, capacity 4480K, committed 4480K, reserved 1056768K
  class space    used 76K, capacity 384K, committed 384K, reserved 1048576K

Card table byte_map: [0x00000000122a0000,0x00000000126a0000] byte_map_base: 0x0000000011e95000

Marking Bits: (ParMarkBitMap*) 0x00000000721a5ce0
 Begin Bits: [0x0000000013150000, 0x00000000150f8000)
 End Bits:   [0x00000000150f8000, 0x00000000170a0000)

Polling page: 0x0000000001410000

CodeCache: size=245760Kb used=328Kb max_used=328Kb free=245431Kb
 bounds [0x0000000002ee0000, 0x0000000003150000, 0x0000000011ee0000]
 total_blobs=58 nmethods=0 adapters=38
 compilation: enabled

Compilation events (0 events):
No events

GC Heap History (0 events):
No events

Deoptimization events (0 events):
No events

Classes redefined (0 events):
No events

Internal exceptions (0 events):
No events

Events (10 events):
Event: 0.025 loading class java/lang/Short
Event: 0.025 loading class java/lang/Short done
Event: 0.025 loading class java/lang/Integer
Event: 0.025 loading class java/lang/Integer done
Event: 0.025 loading class java/lang/Long
Event: 0.025 loading class java/lang/Long done
Event: 0.026 loading class java/lang/NullPointerException
Event: 0.026 loading class java/lang/NullPointerException done
Event: 0.026 loading class java/lang/ArithmeticException
Event: 0.026 loading class java/lang/ArithmeticException done


Dynamic libraries:
0x00007ff7dee60000 - 0x00007ff7dee97000 	C:\Program Files\Java\jre1.8.0_202\bin\javaw.exe
0x00007ffb2fdf0000 - 0x00007ffb2ffe5000 	C:\WINDOWS\SYSTEM32\ntdll.dll
0x00007ffb2e550000 - 0x00007ffb2e60e000 	C:\WINDOWS\System32\KERNEL32.DLL
0x00007ffb2d6f0000 - 0x00007ffb2d9b8000 	C:\WINDOWS\System32\KERNELBASE.dll
0x00007ffb2e6e0000 - 0x00007ffb2e78e000 	C:\WINDOWS\System32\ADVAPI32.dll
0x00007ffb2e9d0000 - 0x00007ffb2ea6e000 	C:\WINDOWS\System32\msvcrt.dll
0x00007ffb2f6f0000 - 0x00007ffb2f78c000 	C:\WINDOWS\System32\sechost.dll
0x00007ffb2ea70000 - 0x00007ffb2eb95000 	C:\WINDOWS\System32\RPCRT4.dll
0x00007ffb2e820000 - 0x00007ffb2e9c1000 	C:\WINDOWS\System32\USER32.dll
0x00007ffb2d500000 - 0x00007ffb2d522000 	C:\WINDOWS\System32\win32u.dll
0x00007ffb2e510000 - 0x00007ffb2e53b000 	C:\WINDOWS\System32\GDI32.dll
0x00007ffb2d5e0000 - 0x00007ffb2d6ed000 	C:\WINDOWS\System32\gdi32full.dll
0x00007ffb2d9c0000 - 0x00007ffb2da5d000 	C:\WINDOWS\System32\msvcp_win.dll
0x00007ffb2dab0000 - 0x00007ffb2dbb0000 	C:\WINDOWS\System32\ucrtbase.dll
0x00007ffb1cac0000 - 0x00007ffb1cd5a000 	C:\WINDOWS\WinSxS\amd64_microsoft.windows.common-controls_6595b64144ccf1df_6.0.19041.1110_none_60b5254171f9507e\COMCTL32.dll
0x00007ffb2de50000 - 0x00007ffb2de80000 	C:\WINDOWS\System32\IMM32.DLL
0x00000000717c0000 - 0x0000000071892000 	C:\Program Files\Java\jre1.8.0_202\bin\msvcr100.dll
0x0000000071980000 - 0x0000000072225000 	C:\Program Files\Java\jre1.8.0_202\bin\server\jvm.dll
0x00007ffb2e540000 - 0x00007ffb2e548000 	C:\WINDOWS\System32\PSAPI.DLL
0x00007ffb1a830000 - 0x00007ffb1a857000 	C:\WINDOWS\SYSTEM32\WINMM.dll
0x00007ffb27230000 - 0x00007ffb2723a000 	C:\WINDOWS\SYSTEM32\VERSION.dll
0x00007ffb25da0000 - 0x00007ffb25da9000 	C:\WINDOWS\SYSTEM32\WSOCK32.dll
0x00007ffb2f620000 - 0x00007ffb2f68b000 	C:\WINDOWS\System32\WS2_32.dll
0x00007ffb25d90000 - 0x00007ffb25d9f000 	C:\Program Files\Java\jre1.8.0_202\bin\verify.dll
0x00007ffb25d60000 - 0x00007ffb25d89000 	C:\Program Files\Java\jre1.8.0_202\bin\java.dll
0x00007ffb25d40000 - 0x00007ffb25d56000 	C:\Program Files\Java\jre1.8.0_202\bin\zip.dll

VM Arguments:
jvm_args: -Dfile.encoding=Cp1252 
java_command: com.capgi.day8.MyMap
java_class_path (initial): C:\Users\pruthvi\eclipse-workspace\CapgTraining\Day8\bin
Launcher Type: SUN_STANDARD

Environment Variables:
JAVA_HOME=C:\Program Files\Android\Android Studio\jre\bin
PATH=C:/Program Files/Java/jre1.8.0_202/bin/server;C:/Program Files/Java/jre1.8.0_202/bin;C:/Program Files/Java/jre1.8.0_202/lib/amd64;C:\Program Files (x86)\Common Files\Oracle\Java\javapath;C:\python 38\Scripts\;C:\python 38\;C:\Windows\system32;C:\Windows;C:\Windows\System32\Wbem;C:\Windows\System32\WindowsPowerShell\v1.0\;C:\Windows\System32\OpenSSH\;C:\Program Files (x86)\NVIDIA Corporation\PhysX\Common;C:\Program Files\NVIDIA Corporation\NVIDIA NvDLISR;C:\Program Files\Java\jdk-11.0.7\bin;C:\WINDOWS\system32;C:\WINDOWS;C:\WINDOWS\System32\Wbem;C:\WINDOWS\System32\WindowsPowerShell\v1.0\;C:\WINDOWS\System32\OpenSSH\;C:\Program Files\Git\cmd;C:\Gradle\gradle-6.2.2\bin;C:\Program Files (x86)\mingw-w64\i686-8.1.0-posix-dwarf-rt_v6-rev0\mingw32\bin;C:\Users\pruthvi\AppData\Local\Microsoft\WindowsApps;C:\WINDOWS\System32;
USERNAME=pruthvi
OS=Windows_NT
PROCESSOR_IDENTIFIER=Intel64 Family 6 Model 142 Stepping 10, GenuineIntel



---------------  S Y S T E M  ---------------

OS: Windows 10.0 , 64 bit Build 19041 (10.0.19041.1466)

CPU:total 8 (initial active 8) (4 cores per cpu, 2 threads per core) family 6 model 142 stepping 10, cmov, cx8, fxsr, mmx, sse, sse2, sse3, ssse3, sse4.1, sse4.2, popcnt, avx, avx2, aes, clmul, erms, 3dnowpref, lzcnt, ht, tsc, tscinvbit, bmi1, bmi2, adx

Memory: 4k page, physical 8295652k(1730116k free), swap 10249412k(5412k free)

vm_info: Java HotSpot(TM) 64-Bit Server VM (25.202-b08) for windows-amd64 JRE (1.8.0_202-b08), built on Dec 15 2018 19:54:30 by "java_re" with MS VC++ 10.0 (VS2010)

time: Mon Feb 07 17:22:36 2022
timezone: India Standard Time
elapsed time: 0 seconds (0d 0h 0m 0s)

